<?xml version="1.0" encoding="UTF-8" ?>
<testsuite tests="12" failures="2" name="tmstest.cucumberOptions.RunCukeTest" time="0.012" errors="0" skipped="0">
  <properties>
    <property name="idea.version" value="2017.1.5"/>
    <property name="java.runtime.name" value="Java(TM) SE Runtime Environment"/>
    <property name="sun.boot.library.path" value="D:\Program Files\Java\jdk1.8.0_65\jre\bin"/>
    <property name="java.vm.version" value="25.65-b01"/>
    <property name="java.vm.vendor" value="Oracle Corporation"/>
    <property name="maven.multiModuleProjectDirectory" value="D:\ideaProject\ngcvc\tms-test"/>
    <property name="java.vendor.url" value="http://java.oracle.com/"/>
    <property name="path.separator" value=";"/>
    <property name="guice.disable.misplaced.annotation.check" value="true"/>
    <property name="java.vm.name" value="Java HotSpot(TM) Client VM"/>
    <property name="file.encoding.pkg" value="sun.io"/>
    <property name="user.script" value=""/>
    <property name="user.country" value="CN"/>
    <property name="sun.java.launcher" value="SUN_STANDARD"/>
    <property name="sun.os.patch.level" value="Service Pack 1"/>
    <property name="java.vm.specification.name" value="Java Virtual Machine Specification"/>
    <property name="user.dir" value="D:\ideaProject\ngcvc\tms-test"/>
    <property name="java.runtime.version" value="1.8.0_65-b17"/>
    <property name="java.awt.graphicsenv" value="sun.awt.Win32GraphicsEnvironment"/>
    <property name="java.endorsed.dirs" value="D:\Program Files\Java\jdk1.8.0_65\jre\lib\endorsed"/>
    <property name="os.arch" value="x86"/>
    <property name="java.io.tmpdir" value="C:\Users\ADMINI~1\AppData\Local\Temp\"/>
    <property name="line.separator" value="
"/>
    <property name="java.vm.specification.vendor" value="Oracle Corporation"/>
    <property name="user.variant" value=""/>
    <property name="os.name" value="Windows 7"/>
    <property name="classworlds.conf" value="E:\Ngcvc\ideaIC-2017.1.5.win\plugins\maven\lib\maven3\bin\m2.conf"/>
    <property name="sun.jnu.encoding" value="GBK"/>
    <property name="java.library.path" value="D:\Program Files\Java\jdk1.8.0_65\bin;C:\Windows\Sun\Java\bin;C:\Windows\system32;C:\Windows;C:\Windows\system32;C:\Windows;C:\Windows\System32\Wbem;C:\Windows\System32\WindowsPowerShell\v1.0\;D:\Program Files\Java\jdk1.8.0_65\bin;D:\Program Files\Java\jdk1.8.0_65\jre\bin;D:\Program Files\apache-maven-3.3.9\bin;D:\Program Files\apache-ant-1.9.6\bin;C:\ProgramData\Oracle\Java\javapath;D:\Program Files\apache-tomcat-8.0.30\bin;D:\mysql-5.6.24-win32\bin;E:\Program Files\TortoiseSVN\bin;D:\Program Files\Python36-32\Scripts\;D:\Program Files\Python36-32\;."/>
    <property name="java.specification.name" value="Java Platform API Specification"/>
    <property name="java.class.version" value="52.0"/>
    <property name="sun.management.compiler" value="HotSpot Client Compiler"/>
    <property name="os.version" value="6.1"/>
    <property name="user.home" value="C:\Users\Administrator"/>
    <property name="user.timezone" value="Asia/Shanghai"/>
    <property name="java.awt.printerjob" value="sun.awt.windows.WPrinterJob"/>
    <property name="java.specification.version" value="1.8"/>
    <property name="file.encoding" value="UTF-8"/>
    <property name="user.name" value="Administrator"/>
    <property name="java.class.path" value="E:\Ngcvc\ideaIC-2017.1.5.win\plugins\maven\lib\maven3\boot\plexus-classworlds-2.5.2.jar;E:\Ngcvc\ideaIC-2017.1.5.win\lib\idea_rt.jar"/>
    <property name="java.vm.specification.version" value="1.8"/>
    <property name="sun.arch.data.model" value="32"/>
    <property name="java.home" value="D:\Program Files\Java\jdk1.8.0_65\jre"/>
    <property name="sun.java.command" value="org.codehaus.classworlds.Launcher -Didea.version=2017.1.5 test"/>
    <property name="java.specification.vendor" value="Oracle Corporation"/>
    <property name="user.language" value="zh"/>
    <property name="awt.toolkit" value="sun.awt.windows.WToolkit"/>
    <property name="java.vm.info" value="mixed mode, sharing"/>
    <property name="java.version" value="1.8.0_65"/>
    <property name="java.ext.dirs" value="D:\Program Files\Java\jdk1.8.0_65\jre\lib\ext;C:\Windows\Sun\Java\lib\ext"/>
    <property name="sun.boot.class.path" value="D:\Program Files\Java\jdk1.8.0_65\jre\lib\resources.jar;D:\Program Files\Java\jdk1.8.0_65\jre\lib\rt.jar;D:\Program Files\Java\jdk1.8.0_65\jre\lib\sunrsasign.jar;D:\Program Files\Java\jdk1.8.0_65\jre\lib\jsse.jar;D:\Program Files\Java\jdk1.8.0_65\jre\lib\jce.jar;D:\Program Files\Java\jdk1.8.0_65\jre\lib\charsets.jar;D:\Program Files\Java\jdk1.8.0_65\jre\lib\jfr.jar;D:\Program Files\Java\jdk1.8.0_65\jre\classes"/>
    <property name="java.vendor" value="Oracle Corporation"/>
    <property name="maven.home" value="E:\Ngcvc\ideaIC-2017.1.5.win\plugins\maven\lib\maven3"/>
    <property name="file.separator" value="\"/>
    <property name="java.vendor.url.bug" value="http://bugreport.sun.com/bugreport/"/>
    <property name="sun.cpu.endian" value="little"/>
    <property name="sun.io.unicode.encoding" value="UnicodeLittle"/>
    <property name="sun.desktop" value="windows"/>
    <property name="sun.cpu.isalist" value="pentium_pro+mmx pentium_pro pentium+mmx pentium i486 i386 i86"/>
  </properties>
  <testcase classname="Scenario: I can remote start engine via mobile app" name="When I press &quot;start engine&quot; button in mobile app" time="0.003"/>
  <testcase classname="Scenario: I can remote start engine via mobile app" name="Then I can get latest &quot;engine started&quot; status" time="0"/>
  <testcase classname="Scenario: I can remote start engine via mobile app" name="Scenario: I can remote start engine via mobile app" time="0.001"/>
  <testcase classname="Scenario: I can remote stop engine via mobile app" name="When I press &quot;stop engine&quot; button in mobile app" time="0"/>
  <testcase classname="Scenario: I can remote stop engine via mobile app" name="Then I can get latest &quot;engine stopped&quot; status" time="0"/>
  <testcase classname="Scenario: I can remote stop engine via mobile app" name="Scenario: I can remote stop engine via mobile app" time="0"/>
  <testcase classname="Scenario: I can remote close all windows via mobile app" name="When I press &quot;close windows&quot; button in mobile app" time="0"/>
  <testcase classname="Scenario: I can remote close all windows via mobile app" name="Then I can get latest &quot;windows closed&quot; status" time="0"/>
  <testcase classname="Scenario: I can remote close all windows via mobile app" name="Scenario: I can remote close all windows via mobile app" time="0"/>
  <testcase classname="Scenario: I can remote start air condition via mobile app" name="When I press &quot;start air condition&quot; button in mobile app" time="0"/>
  <testcase classname="Scenario: I can remote start air condition via mobile app" name="Then I can get latest &quot;engine started&quot; status" time="0.004">
    <failure message="expected:&lt;ENGINE_[RUNNING]&gt; but was:&lt;ENGINE_[OFF]&gt;" type="org.junit.ComparisonFailure">org.junit.ComparisonFailure: expected:&lt;ENGINE_[RUNNING]&gt; but was:&lt;ENGINE_[OFF]&gt;
	at org.junit.Assert.assertEquals(Assert.java:115)
	at org.junit.Assert.assertEquals(Assert.java:144)
	at tmstest.stepDefinitions.TCStep.GetRVS(TCStep.java:115)
	at ✽.Then I can get latest &quot;engine started&quot; status(RemoteControl.feature:28)
</failure>
    <system-out>wait for RVS 5 seconds
wait for RVS 4 seconds
wait for RVS 3 seconds
wait for RVS 2 seconds
wait for RVS 1 seconds
</system-out>
  </testcase>
  <testcase classname="Scenario: I can remote start air condition via mobile app" name="Scenario: I can remote start air condition via mobile app" time="0.004">
    <failure message="expected:&lt;ENGINE_[RUNNING]&gt; but was:&lt;ENGINE_[OFF]&gt;" type="org.junit.ComparisonFailure">org.junit.ComparisonFailure: expected:&lt;ENGINE_[RUNNING]&gt; but was:&lt;ENGINE_[OFF]&gt;
	at org.junit.Assert.assertEquals(Assert.java:115)
	at org.junit.Assert.assertEquals(Assert.java:144)
	at tmstest.stepDefinitions.TCStep.GetRVS(TCStep.java:115)
	at ✽.Then I can get latest &quot;engine started&quot; status(RemoteControl.feature:28)
</failure>
  </testcase>
</testsuite>